[14149:14149:0107/232711.504568:WARNING:bluez_dbus_manager.cc(247)] Floss manager not present, cannot set Floss enable/disable.
[14193:14193:0107/232712.150861:WARNING:sandbox_linux.cc(380)] InitializeSandbox() called with multiple threads in process gpu-process.
[14194:14206:0107/232714.137171:ERROR:ssl_client_socket_impl.cc(982)] handshake failed; returned -1, SSL error code 1, net_error -200
[14194:14206:0107/232715.471773:ERROR:ssl_client_socket_impl.cc(982)] handshake failed; returned -1, SSL error code 1, net_error -200
[14194:14206:0107/232715.476710:ERROR:ssl_client_socket_impl.cc(982)] handshake failed; returned -1, SSL error code 1, net_error -200
[14149:14149:0107/232715.624900:INFO:CONSOLE(0)] "[DOM] Input elements should have autocomplete attributes (suggested: "current-password"): (More info: https://goo.gl/9p2vKq) %o", source: https://jut.su/dr-stoune/season-1/episode-1.html (0)
[14149:14149:0107/232717.440282:ERROR:interface_endpoint_client.cc(694)] Message 1 rejected by interface blink.mojom.WidgetHost
[14149:14149:0107/232717.454148:ERROR:interface_endpoint_client.cc(694)] Message 1 rejected by interface blink.mojom.WidgetHost
[14193:14193:0107/232718.512908:ERROR:shared_image_factory.cc(575)] Could not find SharedImageBackingFactory with params: usage: Gles2|Raster|DisplayRead|Scanout, format: RED_8, share_between_threads: 0, gmb_type: shared_memory
[14193:14193:0107/232718.521234:ERROR:shared_image_factory.cc(575)] Could not find SharedImageBackingFactory with params: usage: Gles2|Raster|DisplayRead|Scanout, format: RG_88, share_between_threads: 0, gmb_type: shared_memory
[14193:14193:0107/232718.545753:ERROR:shared_image_factory.cc(575)] Could not find SharedImageBackingFactory with params: usage: Gles2|Raster|DisplayRead|Scanout, format: RED_8, share_between_threads: 0, gmb_type: shared_memory
[14193:14193:0107/232718.568753:ERROR:shared_image_factory.cc(575)] Could not find SharedImageBackingFactory with params: usage: Gles2|Raster|DisplayRead|Scanout, format: RG_88, share_between_threads: 0, gmb_type: shared_memory
[14193:14193:0107/232718.572483:ERROR:shared_image_factory.cc(575)] Could not find SharedImageBackingFactory with params: usage: Gles2|Raster|DisplayRead|Scanout, format: RED_8, share_between_threads: 0, gmb_type: shared_memory
[14193:14193:0107/232718.573361:ERROR:shared_image_factory.cc(575)] Could not find SharedImageBackingFactory with params: usage: Gles2|Raster|DisplayRead|Scanout, format: RG_88, share_between_threads: 0, gmb_type: shared_memory
[14193:14193:0107/232718.573916:ERROR:shared_image_factory.cc(575)] Could not find SharedImageBackingFactory with params: usage: Gles2|Raster|DisplayRead|Scanout, format: RED_8, share_between_threads: 0, gmb_type: shared_memory
[14193:14193:0107/232718.574242:ERROR:shared_image_factory.cc(575)] Could not find SharedImageBackingFactory with params: usage: Gles2|Raster|DisplayRead|Scanout, format: RG_88, share_between_threads: 0, gmb_type: shared_memory
[14193:14193:0107/232718.584124:ERROR:shared_image_factory.cc(575)] Could not find SharedImageBackingFactory with params: usage: Gles2|Raster|DisplayRead|Scanout, format: RED_8, share_between_threads: 0, gmb_type: shared_memory
[14193:14193:0107/232718.584551:ERROR:shared_image_factory.cc(575)] Could not find SharedImageBackingFactory with params: usage: Gles2|Raster|DisplayRead|Scanout, format: RG_88, share_between_threads: 0, gmb_type: shared_memory
[14193:14193:0107/232718.688172:ERROR:shared_image_factory.cc(575)] Could not find SharedImageBackingFactory with params: usage: Gles2|Raster|DisplayRead|Scanout, format: RED_8, share_between_threads: 0, gmb_type: shared_memory
[14193:14193:0107/232718.688701:ERROR:shared_image_factory.cc(575)] Could not find SharedImageBackingFactory with params: usage: Gles2|Raster|DisplayRead|Scanout, format: RG_88, share_between_threads: 0, gmb_type: shared_memory
[14193:14193:0107/232718.952706:ERROR:shared_image_factory.cc(575)] Could not find SharedImageBackingFactory with params: usage: Gles2|Raster|DisplayRead|Scanout, format: RED_8, share_between_threads: 0, gmb_type: shared_memory
[14193:14193:0107/232718.954671:ERROR:shared_image_factory.cc(575)] Could not find SharedImageBackingFactory with params: usage: Gles2|Raster|DisplayRead|Scanout, format: RG_88, share_between_threads: 0, gmb_type: shared_memory
[14194:14206:0107/232720.337497:ERROR:ssl_client_socket_impl.cc(982)] handshake failed; returned -1, SSL error code 1, net_error -200
[14194:14206:0107/232720.984307:ERROR:ssl_client_socket_impl.cc(982)] handshake failed; returned -1, SSL error code 1, net_error -200
[14194:14206:0107/232721.242548:ERROR:ssl_client_socket_impl.cc(982)] handshake failed; returned -1, SSL error code 1, net_error -200
[14149:14149:0107/232721.335505:INFO:CONSOLE(0)] "[DOM] Input elements should have autocomplete attributes (suggested: "current-password"): (More info: https://goo.gl/9p2vKq) %o", source: https://jut.su/dr-stoune/season-1/episode-2.html (0)
[14193:14193:0107/232724.423769:ERROR:shared_image_factory.cc(575)] Could not find SharedImageBackingFactory with params: usage: Gles2|Raster|DisplayRead|Scanout, format: RED_8, share_between_threads: 0, gmb_type: shared_memory
[14193:14193:0107/232724.424132:ERROR:shared_image_factory.cc(575)] Could not find SharedImageBackingFactory with params: usage: Gles2|Raster|DisplayRead|Scanout, format: RG_88, share_between_threads: 0, gmb_type: shared_memory
[14193:14193:0107/232724.440648:ERROR:shared_image_factory.cc(575)] Could not find SharedImageBackingFactory with params: usage: Gles2|Raster|DisplayRead|Scanout, format: RED_8, share_between_threads: 0, gmb_type: shared_memory
[14193:14193:0107/232724.443638:ERROR:shared_image_factory.cc(575)] Could not find SharedImageBackingFactory with params: usage: Gles2|Raster|DisplayRead|Scanout, format: RG_88, share_between_threads: 0, gmb_type: shared_memory
[14193:14193:0107/232724.459277:ERROR:shared_image_factory.cc(575)] Could not find SharedImageBackingFactory with params: usage: Gles2|Raster|DisplayRead|Scanout, format: RED_8, share_between_threads: 0, gmb_type: shared_memory
[14193:14193:0107/232724.460232:ERROR:shared_image_factory.cc(575)] Could not find SharedImageBackingFactory with params: usage: Gles2|Raster|DisplayRead|Scanout, format: RG_88, share_between_threads: 0, gmb_type: shared_memory
[14193:14193:0107/232724.471481:ERROR:shared_image_factory.cc(575)] Could not find SharedImageBackingFactory with params: usage: Gles2|Raster|DisplayRead|Scanout, format: RED_8, share_between_threads: 0, gmb_type: shared_memory
[14193:14193:0107/232724.476733:ERROR:shared_image_factory.cc(575)] Could not find SharedImageBackingFactory with params: usage: Gles2|Raster|DisplayRead|Scanout, format: RG_88, share_between_threads: 0, gmb_type: shared_memory
[14193:14193:0107/232724.545495:ERROR:shared_image_factory.cc(575)] Could not find SharedImageBackingFactory with params: usage: Gles2|Raster|DisplayRead|Scanout, format: RED_8, share_between_threads: 0, gmb_type: shared_memory
[14193:14193:0107/232724.564954:ERROR:shared_image_factory.cc(575)] Could not find SharedImageBackingFactory with params: usage: Gles2|Raster|DisplayRead|Scanout, format: RG_88, share_between_threads: 0, gmb_type: shared_memory
[14193:14193:0107/232724.599914:ERROR:shared_image_factory.cc(575)] Could not find SharedImageBackingFactory with params: usage: Gles2|Raster|DisplayRead|Scanout, format: RED_8, share_between_threads: 0, gmb_type: shared_memory
[14193:14193:0107/232724.601313:ERROR:shared_image_factory.cc(575)] Could not find SharedImageBackingFactory with params: usage: Gles2|Raster|DisplayRead|Scanout, format: RG_88, share_between_threads: 0, gmb_type: shared_memory
[14193:14193:0107/232724.935181:ERROR:shared_image_factory.cc(575)] Could not find SharedImageBackingFactory with params: usage: Gles2|Raster|DisplayRead|Scanout, format: RED_8, share_between_threads: 0, gmb_type: shared_memory
[14193:14193:0107/232724.939069:ERROR:shared_image_factory.cc(575)] Could not find SharedImageBackingFactory with params: usage: Gles2|Raster|DisplayRead|Scanout, format: RG_88, share_between_threads: 0, gmb_type: shared_memory
[14194:14206:0107/232726.115258:ERROR:ssl_client_socket_impl.cc(982)] handshake failed; returned -1, SSL error code 1, net_error -200
[14194:14206:0107/232726.921334:ERROR:ssl_client_socket_impl.cc(982)] handshake failed; returned -1, SSL error code 1, net_error -200
[14194:14206:0107/232727.087714:ERROR:ssl_client_socket_impl.cc(982)] handshake failed; returned -1, SSL error code 1, net_error -200
[14149:14149:0107/232727.148117:INFO:CONSOLE(0)] "[DOM] Input elements should have autocomplete attributes (suggested: "current-password"): (More info: https://goo.gl/9p2vKq) %o", source: https://jut.su/dr-stoune/season-1/episode-3.html (0)
[14193:14193:0107/232731.472183:ERROR:shared_image_factory.cc(575)] Could not find SharedImageBackingFactory with params: usage: Gles2|Raster|DisplayRead|Scanout, format: RED_8, share_between_threads: 0, gmb_type: shared_memory
[14193:14193:0107/232731.476160:ERROR:shared_image_factory.cc(575)] Could not find SharedImageBackingFactory with params: usage: Gles2|Raster|DisplayRead|Scanout, format: RG_88, share_between_threads: 0, gmb_type: shared_memory
[14193:14193:0107/232731.523979:ERROR:shared_image_factory.cc(575)] Could not find SharedImageBackingFactory with params: usage: Gles2|Raster|DisplayRead|Scanout, format: RED_8, share_between_threads: 0, gmb_type: shared_memory
[14193:14193:0107/232731.527792:ERROR:shared_image_factory.cc(575)] Could not find SharedImageBackingFactory with params: usage: Gles2|Raster|DisplayRead|Scanout, format: RG_88, share_between_threads: 0, gmb_type: shared_memory
[14193:14193:0107/232731.544091:ERROR:shared_image_factory.cc(575)] Could not find SharedImageBackingFactory with params: usage: Gles2|Raster|DisplayRead|Scanout, format: RED_8, share_between_threads: 0, gmb_type: shared_memory
[14193:14193:0107/232731.549106:ERROR:shared_image_factory.cc(575)] Could not find SharedImageBackingFactory with params: usage: Gles2|Raster|DisplayRead|Scanout, format: RG_88, share_between_threads: 0, gmb_type: shared_memory
[14193:14193:0107/232731.582923:ERROR:shared_image_factory.cc(575)] Could not find SharedImageBackingFactory with params: usage: Gles2|Raster|DisplayRead|Scanout, format: RED_8, share_between_threads: 0, gmb_type: shared_memory
[14193:14193:0107/232731.583350:ERROR:shared_image_factory.cc(575)] Could not find SharedImageBackingFactory with params: usage: Gles2|Raster|DisplayRead|Scanout, format: RG_88, share_between_threads: 0, gmb_type: shared_memory
[14193:14193:0107/232731.660420:ERROR:shared_image_factory.cc(575)] Could not find SharedImageBackingFactory with params: usage: Gles2|Raster|DisplayRead|Scanout, format: RED_8, share_between_threads: 0, gmb_type: shared_memory
[14193:14193:0107/232731.661793:ERROR:shared_image_factory.cc(575)] Could not find SharedImageBackingFactory with params: usage: Gles2|Raster|DisplayRead|Scanout, format: RG_88, share_between_threads: 0, gmb_type: shared_memory
[14193:14193:0107/232731.782553:ERROR:shared_image_factory.cc(575)] Could not find SharedImageBackingFactory with params: usage: Gles2|Raster|DisplayRead|Scanout, format: RED_8, share_between_threads: 0, gmb_type: shared_memory
[14193:14193:0107/232731.783656:ERROR:shared_image_factory.cc(575)] Could not find SharedImageBackingFactory with params: usage: Gles2|Raster|DisplayRead|Scanout, format: RG_88, share_between_threads: 0, gmb_type: shared_memory
[14193:14193:0107/232731.905777:ERROR:shared_image_factory.cc(575)] Could not find SharedImageBackingFactory with params: usage: Gles2|Raster|DisplayRead|Scanout, format: RED_8, share_between_threads: 0, gmb_type: shared_memory
[14193:14193:0107/232731.909751:ERROR:shared_image_factory.cc(575)] Could not find SharedImageBackingFactory with params: usage: Gles2|Raster|DisplayRead|Scanout, format: RG_88, share_between_threads: 0, gmb_type: shared_memory
[14193:14193:0107/232805.889170:ERROR:shared_image_factory.cc(575)] Could not find SharedImageBackingFactory with params: usage: Gles2|Raster|DisplayRead|Scanout, format: RED_8, share_between_threads: 0, gmb_type: shared_memory
[14193:14193:0107/232805.906157:ERROR:shared_image_factory.cc(575)] Could not find SharedImageBackingFactory with params: usage: Gles2|Raster|DisplayRead|Scanout, format: RG_88, share_between_threads: 0, gmb_type: shared_memory
[14149:14149:0107/232807.355635:WARNING:pref_notifier_impl.cc(41)] Pref observer for media_router.cast_allow_all_ips found at shutdown.
